Analysis & Synthesis report for mkr_vidor_anpr
Tue Feb 20 19:16:08 2024
Quartus Prime Version 23.1std.0 Build 991 11/28/2023 SC Lite Edition


---------------------
; Table of Contents ;
---------------------
  1. Legal Notice
  2. Analysis & Synthesis Summary
  3. Analysis & Synthesis Settings
  4. Parallel Compilation
  5. Analysis & Synthesis Source Files Read
  6. Analysis & Synthesis Resource Usage Summary
  7. Analysis & Synthesis Resource Utilization by Entity
  8. State Machine - |mkr_vidor_anpr|mkr_vidor:inst|state
  9. State Machine - |mkr_vidor_anpr|as4c4m16sa_controller:inst1|sdram_controller:sdram_controller|internal_command
 10. State Machine - |mkr_vidor_anpr|as4c4m16sa_controller:inst1|sdram_controller:sdram_controller|destination_state
 11. State Machine - |mkr_vidor_anpr|as4c4m16sa_controller:inst1|sdram_controller:sdram_controller|state
 12. Registers Removed During Synthesis
 13. Removed Registers Triggering Further Register Optimizations
 14. General Register Statistics
 15. Multiplexer Restructuring Statistics (Restructuring Performed)
 16. Parameter Settings for User Entity Instance: as4c4m16sa_controller:inst1
 17. Parameter Settings for User Entity Instance: as4c4m16sa_controller:inst1|sdram_controller:sdram_controller
 18. Post-Synthesis Netlist Statistics for Top Partition
 19. Elapsed Time Per Partition
 20. Analysis & Synthesis Messages
 21. Analysis & Synthesis Suppressed Messages



----------------
; Legal Notice ;
----------------
Copyright (C) 2023  Intel Corporation. All rights reserved.
Your use of Intel Corporation's design tools, logic functions 
and other software and tools, and any partner logic 
functions, and any output files from any of the foregoing 
(including device programming or simulation files), and any 
associated documentation or information are expressly subject 
to the terms and conditions of the Intel Program License 
Subscription Agreement, the Intel Quartus Prime License Agreement,
the Intel FPGA IP License Agreement, or other applicable license
agreement, including, without limitation, that your use is for
the sole purpose of programming logic devices manufactured by
Intel and sold by Intel or its authorized distributors.  Please
refer to the applicable agreement for further details, at
https://fpgasoftware.intel.com/eula.



+-------------------------------------------------------------------------------------+
; Analysis & Synthesis Summary                                                        ;
+------------------------------------+------------------------------------------------+
; Analysis & Synthesis Status        ; Successful - Tue Feb 20 19:16:08 2024          ;
; Quartus Prime Version              ; 23.1std.0 Build 991 11/28/2023 SC Lite Edition ;
; Revision Name                      ; mkr_vidor_anpr                                 ;
; Top-level Entity Name              ; mkr_vidor_anpr                                 ;
; Family                             ; Cyclone 10 LP                                  ;
; Total logic elements               ; 232                                            ;
;     Total combinational functions  ; 208                                            ;
;     Dedicated logic registers      ; 126                                            ;
; Total registers                    ; 126                                            ;
; Total pins                         ; 62                                             ;
; Total virtual pins                 ; 0                                              ;
; Total memory bits                  ; 0                                              ;
; Embedded Multiplier 9-bit elements ; 0                                              ;
; Total PLLs                         ; 0                                              ;
+------------------------------------+------------------------------------------------+


+------------------------------------------------------------------------------------------------------------+
; Analysis & Synthesis Settings                                                                              ;
+------------------------------------------------------------------+--------------------+--------------------+
; Option                                                           ; Setting            ; Default Value      ;
+------------------------------------------------------------------+--------------------+--------------------+
; Device                                                           ; 10CL016YU256C8G    ;                    ;
; Top-level entity name                                            ; mkr_vidor_anpr     ; mkr_vidor_anpr     ;
; Family name                                                      ; Cyclone 10 LP      ; Cyclone V          ;
; Use smart compilation                                            ; Off                ; Off                ;
; Enable parallel Assembler and Timing Analyzer during compilation ; On                 ; On                 ;
; Enable compact report table                                      ; Off                ; Off                ;
; Restructure Multiplexers                                         ; Auto               ; Auto               ;
; Create Debugging Nodes for IP Cores                              ; Off                ; Off                ;
; Preserve fewer node names                                        ; On                 ; On                 ;
; Intel FPGA IP Evaluation Mode                                    ; Enable             ; Enable             ;
; Verilog Version                                                  ; Verilog_2001       ; Verilog_2001       ;
; VHDL Version                                                     ; VHDL_1993          ; VHDL_1993          ;
; State Machine Processing                                         ; Auto               ; Auto               ;
; Safe State Machine                                               ; Off                ; Off                ;
; Extract Verilog State Machines                                   ; On                 ; On                 ;
; Extract VHDL State Machines                                      ; On                 ; On                 ;
; Ignore Verilog initial constructs                                ; Off                ; Off                ;
; Iteration limit for constant Verilog loops                       ; 5000               ; 5000               ;
; Iteration limit for non-constant Verilog loops                   ; 250                ; 250                ;
; Add Pass-Through Logic to Inferred RAMs                          ; On                 ; On                 ;
; Infer RAMs from Raw Logic                                        ; On                 ; On                 ;
; Parallel Synthesis                                               ; On                 ; On                 ;
; DSP Block Balancing                                              ; Auto               ; Auto               ;
; NOT Gate Push-Back                                               ; On                 ; On                 ;
; Power-Up Don't Care                                              ; On                 ; On                 ;
; Remove Redundant Logic Cells                                     ; Off                ; Off                ;
; Remove Duplicate Registers                                       ; On                 ; On                 ;
; Ignore CARRY Buffers                                             ; Off                ; Off                ;
; Ignore CASCADE Buffers                                           ; Off                ; Off                ;
; Ignore GLOBAL Buffers                                            ; Off                ; Off                ;
; Ignore ROW GLOBAL Buffers                                        ; Off                ; Off                ;
; Ignore LCELL Buffers                                             ; Off                ; Off                ;
; Ignore SOFT Buffers                                              ; On                 ; On                 ;
; Limit AHDL Integers to 32 Bits                                   ; Off                ; Off                ;
; Optimization Technique                                           ; Balanced           ; Balanced           ;
; Carry Chain Length                                               ; 70                 ; 70                 ;
; Auto Carry Chains                                                ; On                 ; On                 ;
; Auto Open-Drain Pins                                             ; On                 ; On                 ;
; Perform WYSIWYG Primitive Resynthesis                            ; Off                ; Off                ;
; Auto ROM Replacement                                             ; On                 ; On                 ;
; Auto RAM Replacement                                             ; On                 ; On                 ;
; Auto DSP Block Replacement                                       ; On                 ; On                 ;
; Auto Shift Register Replacement                                  ; Auto               ; Auto               ;
; Allow Shift Register Merging across Hierarchies                  ; Auto               ; Auto               ;
; Auto Clock Enable Replacement                                    ; On                 ; On                 ;
; Strict RAM Replacement                                           ; Off                ; Off                ;
; Allow Synchronous Control Signals                                ; On                 ; On                 ;
; Force Use of Synchronous Clear Signals                           ; Off                ; Off                ;
; Auto RAM Block Balancing                                         ; On                 ; On                 ;
; Auto RAM to Logic Cell Conversion                                ; Off                ; Off                ;
; Auto Resource Sharing                                            ; Off                ; Off                ;
; Allow Any RAM Size For Recognition                               ; Off                ; Off                ;
; Allow Any ROM Size For Recognition                               ; Off                ; Off                ;
; Allow Any Shift Register Size For Recognition                    ; Off                ; Off                ;
; Use LogicLock Constraints during Resource Balancing              ; On                 ; On                 ;
; Ignore translate_off and synthesis_off directives                ; Off                ; Off                ;
; Timing-Driven Synthesis                                          ; On                 ; On                 ;
; Report Parameter Settings                                        ; On                 ; On                 ;
; Report Source Assignments                                        ; On                 ; On                 ;
; Report Connectivity Checks                                       ; On                 ; On                 ;
; Ignore Maximum Fan-Out Assignments                               ; Off                ; Off                ;
; Synchronization Register Chain Length                            ; 2                  ; 2                  ;
; Power Optimization During Synthesis                              ; Normal compilation ; Normal compilation ;
; HDL message level                                                ; Level2             ; Level2             ;
; Suppress Register Optimization Related Messages                  ; Off                ; Off                ;
; Number of Removed Registers Reported in Synthesis Report         ; 5000               ; 5000               ;
; Number of Swept Nodes Reported in Synthesis Report               ; 5000               ; 5000               ;
; Number of Inverted Registers Reported in Synthesis Report        ; 100                ; 100                ;
; Clock MUX Protection                                             ; On                 ; On                 ;
; Auto Gated Clock Conversion                                      ; Off                ; Off                ;
; Block Design Naming                                              ; Auto               ; Auto               ;
; SDC constraint protection                                        ; Off                ; Off                ;
; Synthesis Effort                                                 ; Auto               ; Auto               ;
; Shift Register Replacement - Allow Asynchronous Clear Signal     ; On                 ; On                 ;
; Pre-Mapping Resynthesis Optimization                             ; Off                ; Off                ;
; Analysis & Synthesis Message Level                               ; Medium             ; Medium             ;
; Disable Register Merging Across Hierarchies                      ; Auto               ; Auto               ;
; Resource Aware Inference For Block RAM                           ; On                 ; On                 ;
+------------------------------------------------------------------+--------------------+--------------------+


+------------------------------------------+
; Parallel Compilation                     ;
+----------------------------+-------------+
; Processors                 ; Number      ;
+----------------------------+-------------+
; Number detected on machine ; 16          ;
; Maximum allowed            ; 8           ;
;                            ;             ;
; Average used               ; 1.01        ;
; Maximum used               ; 8           ;
;                            ;             ;
; Usage by Processor         ; % Time Used ;
;     Processor 1            ; 100.0%      ;
;     Processors 2-8         ;   0.1%      ;
+----------------------------+-------------+


+--------------------------------------------------------------------------------------------------------------------------------------------------------------------------+
; Analysis & Synthesis Source Files Read                                                                                                                                   ;
+----------------------------------+-----------------+------------------------------------+----------------------------------------------------------------------+---------+
; File Name with User-Entered Path ; Used in Netlist ; File Type                          ; File Name with Absolute Path                                         ; Library ;
+----------------------------------+-----------------+------------------------------------+----------------------------------------------------------------------+---------+
; ../ip/sdram_controller.sv        ; yes             ; User SystemVerilog HDL File        ; C:/Users/tomsm/source/repos/PROJ300/fpga/ip/sdram_controller.sv      ;         ;
; ../ip/as4c4m16sa_controller.sv   ; yes             ; User SystemVerilog HDL File        ; C:/Users/tomsm/source/repos/PROJ300/fpga/ip/as4c4m16sa_controller.sv ;         ;
; ../rtl/mkr_vidor.sv              ; yes             ; User SystemVerilog HDL File        ; C:/Users/tomsm/source/repos/PROJ300/fpga/rtl/mkr_vidor.sv            ;         ;
; mkr_vidor_anpr.bdf               ; yes             ; User Block Diagram/Schematic File  ; C:/Users/tomsm/source/repos/PROJ300/fpga/project/mkr_vidor_anpr.bdf  ;         ;
+----------------------------------+-----------------+------------------------------------+----------------------------------------------------------------------+---------+


+---------------------------------------------------------------+
; Analysis & Synthesis Resource Usage Summary                   ;
+---------------------------------------------+-----------------+
; Resource                                    ; Usage           ;
+---------------------------------------------+-----------------+
; Estimated Total logic elements              ; 232             ;
;                                             ;                 ;
; Total combinational functions               ; 208             ;
; Logic element usage by number of LUT inputs ;                 ;
;     -- 4 input functions                    ; 86              ;
;     -- 3 input functions                    ; 43              ;
;     -- <=2 input functions                  ; 79              ;
;                                             ;                 ;
; Logic elements by mode                      ;                 ;
;     -- normal mode                          ; 149             ;
;     -- arithmetic mode                      ; 59              ;
;                                             ;                 ;
; Total registers                             ; 126             ;
;     -- Dedicated logic registers            ; 126             ;
;     -- I/O registers                        ; 0               ;
;                                             ;                 ;
; I/O pins                                    ; 62              ;
;                                             ;                 ;
; Embedded Multiplier 9-bit elements          ; 0               ;
;                                             ;                 ;
; Maximum fan-out node                        ; CLK_48MHz~input ;
; Maximum fan-out                             ; 126             ;
; Total fan-out                               ; 1173            ;
; Average fan-out                             ; 2.36            ;
+---------------------------------------------+-----------------+


+---------------------------------------------------------------------------------------------------------------------------------------------------------------------------------------------------------------------------------------------------------------------------------------------+
; Analysis & Synthesis Resource Utilization by Entity                                                                                                                                                                                                                                         ;
+-------------------------------------------+---------------------+---------------------------+-------------+--------------+---------+-----------+------+--------------+-------------------------------------------------------------------------------+-----------------------+--------------+
; Compilation Hierarchy Node                ; Combinational ALUTs ; Dedicated Logic Registers ; Memory Bits ; DSP Elements ; DSP 9x9 ; DSP 18x18 ; Pins ; Virtual Pins ; Full Hierarchy Name                                                           ; Entity Name           ; Library Name ;
+-------------------------------------------+---------------------+---------------------------+-------------+--------------+---------+-----------+------+--------------+-------------------------------------------------------------------------------+-----------------------+--------------+
; |mkr_vidor_anpr                           ; 208 (0)             ; 126 (0)                   ; 0           ; 0            ; 0       ; 0         ; 62   ; 0            ; |mkr_vidor_anpr                                                               ; mkr_vidor_anpr        ; work         ;
;    |as4c4m16sa_controller:inst1|          ; 150 (0)             ; 65 (0)                    ; 0           ; 0            ; 0       ; 0         ; 0    ; 0            ; |mkr_vidor_anpr|as4c4m16sa_controller:inst1                                   ; as4c4m16sa_controller ; work         ;
;       |sdram_controller:sdram_controller| ; 150 (150)           ; 65 (65)                   ; 0           ; 0            ; 0       ; 0         ; 0    ; 0            ; |mkr_vidor_anpr|as4c4m16sa_controller:inst1|sdram_controller:sdram_controller ; sdram_controller      ; work         ;
;    |mkr_vidor:inst|                       ; 58 (58)             ; 61 (61)                   ; 0           ; 0            ; 0       ; 0         ; 0    ; 0            ; |mkr_vidor_anpr|mkr_vidor:inst                                                ; mkr_vidor             ; work         ;
+-------------------------------------------+---------------------+---------------------------+-------------+--------------+---------+-----------+------+--------------+-------------------------------------------------------------------------------+-----------------------+--------------+
Note: For table entries with two numbers listed, the numbers in parentheses indicate the number of resources of the given type used by the specific entity alone. The numbers listed outside of parentheses indicate the total resources of the given type used by the specific entity and all of its sub-entities in the hierarchy.


Encoding Type:  One-Hot
+-------------------------------------------------------------------------------------------------------------------------------------------------------------------+
; State Machine - |mkr_vidor_anpr|mkr_vidor:inst|state                                                                                                              ;
+----------------------------------------+----------------------------------------+----------------------------------------+----------------------------------------+
; Name                                   ; state.00000000000000000000000000000000 ; state.00000000000000000000000000000010 ; state.00000000000000000000000000000001 ;
+----------------------------------------+----------------------------------------+----------------------------------------+----------------------------------------+
; state.00000000000000000000000000000000 ; 0                                      ; 0                                      ; 0                                      ;
; state.00000000000000000000000000000001 ; 1                                      ; 0                                      ; 1                                      ;
; state.00000000000000000000000000000010 ; 1                                      ; 1                                      ; 0                                      ;
+----------------------------------------+----------------------------------------+----------------------------------------+----------------------------------------+


Encoding Type:  One-Hot
+-------------------------------------------------------------------------------------------------------------------------------------------------------------------------------------------------------------------------------------------------------------------------------------------------------------------------------------------------------------+
; State Machine - |mkr_vidor_anpr|as4c4m16sa_controller:inst1|sdram_controller:sdram_controller|internal_command                                                                                                                                                                                                                                              ;
+----------------------------------------+---------------------------------+----------------------------+----------------------------------------+---------------------------+----------------------------+------------------------------------+-------------------------------------+------------------------------------+-----------------------------------+
; Name                                   ; internal_command.CMD_BURST_STOP ; internal_command.CMD_NO_OP ; internal_command.CMD_MODE_REGISTER_SET ; internal_command.CMD_READ ; internal_command.CMD_WRITE ; internal_command.CMD_PRECHARGE_ALL ; internal_command.CMD_BANK_PRECHARGE ; internal_command.CMD_BANK_ACTIVATE ; internal_command.CMD_AUTO_REFRESH ;
+----------------------------------------+---------------------------------+----------------------------+----------------------------------------+---------------------------+----------------------------+------------------------------------+-------------------------------------+------------------------------------+-----------------------------------+
; internal_command.CMD_BANK_ACTIVATE     ; 0                               ; 0                          ; 0                                      ; 0                         ; 0                          ; 0                                  ; 0                                   ; 0                                  ; 0                                 ;
; internal_command.CMD_BANK_PRECHARGE    ; 0                               ; 0                          ; 0                                      ; 0                         ; 0                          ; 0                                  ; 1                                   ; 1                                  ; 0                                 ;
; internal_command.CMD_PRECHARGE_ALL     ; 0                               ; 0                          ; 0                                      ; 0                         ; 0                          ; 1                                  ; 0                                   ; 1                                  ; 0                                 ;
; internal_command.CMD_WRITE             ; 0                               ; 0                          ; 0                                      ; 0                         ; 1                          ; 0                                  ; 0                                   ; 1                                  ; 0                                 ;
; internal_command.CMD_READ              ; 0                               ; 0                          ; 0                                      ; 1                         ; 0                          ; 0                                  ; 0                                   ; 1                                  ; 0                                 ;
; internal_command.CMD_MODE_REGISTER_SET ; 0                               ; 0                          ; 1                                      ; 0                         ; 0                          ; 0                                  ; 0                                   ; 1                                  ; 0                                 ;
; internal_command.CMD_NO_OP             ; 0                               ; 1                          ; 0                                      ; 0                         ; 0                          ; 0                                  ; 0                                   ; 1                                  ; 0                                 ;
; internal_command.CMD_BURST_STOP        ; 1                               ; 0                          ; 0                                      ; 0                         ; 0                          ; 0                                  ; 0                                   ; 1                                  ; 0                                 ;
; internal_command.CMD_AUTO_REFRESH      ; 0                               ; 0                          ; 0                                      ; 0                         ; 0                          ; 0                                  ; 0                                   ; 1                                  ; 1                                 ;
+----------------------------------------+---------------------------------+----------------------------+----------------------------------------+---------------------------+----------------------------+------------------------------------+-------------------------------------+------------------------------------+-----------------------------------+


Encoding Type:  One-Hot
+-----------------------------------------------------------------------------------------------------------------------------------------------------------------------------------------------------------+
; State Machine - |mkr_vidor_anpr|as4c4m16sa_controller:inst1|sdram_controller:sdram_controller|destination_state                                                                                           ;
+-----------------------------------+---------------------------------+---------------------------------+------------------------------+--------------------------------+-----------------------------------+
; Name                              ; destination_state.STATE_READING ; destination_state.STATE_WRITING ; destination_state.STATE_IDLE ; destination_state.STATE_UNINIT ; destination_state.STATE_PRECHARGE ;
+-----------------------------------+---------------------------------+---------------------------------+------------------------------+--------------------------------+-----------------------------------+
; destination_state.STATE_UNINIT    ; 0                               ; 0                               ; 0                            ; 0                              ; 0                                 ;
; destination_state.STATE_IDLE      ; 0                               ; 0                               ; 1                            ; 1                              ; 0                                 ;
; destination_state.STATE_WRITING   ; 0                               ; 1                               ; 0                            ; 1                              ; 0                                 ;
; destination_state.STATE_READING   ; 1                               ; 0                               ; 0                            ; 1                              ; 0                                 ;
; destination_state.STATE_PRECHARGE ; 0                               ; 0                               ; 0                            ; 1                              ; 1                                 ;
+-----------------------------------+---------------------------------+---------------------------------+------------------------------+--------------------------------+-----------------------------------+


Encoding Type:  One-Hot
+---------------------------------------------------------------------------------------------------------------------------------------------------------+
; State Machine - |mkr_vidor_anpr|as4c4m16sa_controller:inst1|sdram_controller:sdram_controller|state                                                     ;
+-----------------------+-----------------------+---------------------+---------------------+---------------------+------------------+--------------------+
; Name                  ; state.STATE_PRECHARGE ; state.STATE_WAITING ; state.STATE_READING ; state.STATE_WRITING ; state.STATE_IDLE ; state.STATE_UNINIT ;
+-----------------------+-----------------------+---------------------+---------------------+---------------------+------------------+--------------------+
; state.STATE_UNINIT    ; 0                     ; 0                   ; 0                   ; 0                   ; 0                ; 0                  ;
; state.STATE_IDLE      ; 0                     ; 0                   ; 0                   ; 0                   ; 1                ; 1                  ;
; state.STATE_WRITING   ; 0                     ; 0                   ; 0                   ; 1                   ; 0                ; 1                  ;
; state.STATE_READING   ; 0                     ; 0                   ; 1                   ; 0                   ; 0                ; 1                  ;
; state.STATE_WAITING   ; 0                     ; 1                   ; 0                   ; 0                   ; 0                ; 1                  ;
; state.STATE_PRECHARGE ; 1                     ; 0                   ; 0                   ; 0                   ; 0                ; 1                  ;
+-----------------------+-----------------------+---------------------+---------------------+---------------------+------------------+--------------------+


+------------------------------------------------------------------------------------------------------------------------------------------------------------------------------------------+
; Registers Removed During Synthesis                                                                                                                                                       ;
+---------------------------------------------------------------------------------------------------+--------------------------------------------------------------------------------------+
; Register name                                                                                     ; Reason for Removal                                                                   ;
+---------------------------------------------------------------------------------------------------+--------------------------------------------------------------------------------------+
; mkr_vidor:inst|data_write[8..15]                                                                  ; Stuck at GND due to stuck port data_in                                               ;
; mkr_vidor:inst|data_address[0..21]                                                                ; Stuck at GND due to stuck port data_in                                               ;
; as4c4m16sa_controller:inst1|sdram_controller:sdram_controller|internal_dq[8..15]                  ; Stuck at GND due to stuck port data_in                                               ;
; as4c4m16sa_controller:inst1|sdram_controller:sdram_controller|last_row_address[0..11]             ; Stuck at GND due to stuck port data_in                                               ;
; as4c4m16sa_controller:inst1|sdram_controller:sdram_controller|address[1..3,6,7]                   ; Merged with as4c4m16sa_controller:inst1|sdram_controller:sdram_controller|address[0] ;
; as4c4m16sa_controller:inst1|sdram_controller:sdram_controller|bank_activate[0,1]                  ; Merged with as4c4m16sa_controller:inst1|sdram_controller:sdram_controller|address[0] ;
; as4c4m16sa_controller:inst1|sdram_controller:sdram_controller|address[5]                          ; Merged with as4c4m16sa_controller:inst1|sdram_controller:sdram_controller|address[4] ;
; as4c4m16sa_controller:inst1|sdram_controller:sdram_controller|address[9,11]                       ; Merged with as4c4m16sa_controller:inst1|sdram_controller:sdram_controller|address[8] ;
; as4c4m16sa_controller:inst1|sdram_controller:sdram_controller|address[0,8]                        ; Stuck at GND due to stuck port data_in                                               ;
; mkr_vidor:inst|state~7                                                                            ; Lost fanout                                                                          ;
; mkr_vidor:inst|state~8                                                                            ; Lost fanout                                                                          ;
; mkr_vidor:inst|state~9                                                                            ; Lost fanout                                                                          ;
; mkr_vidor:inst|state~10                                                                           ; Lost fanout                                                                          ;
; mkr_vidor:inst|state~11                                                                           ; Lost fanout                                                                          ;
; mkr_vidor:inst|state~12                                                                           ; Lost fanout                                                                          ;
; mkr_vidor:inst|state~13                                                                           ; Lost fanout                                                                          ;
; mkr_vidor:inst|state~14                                                                           ; Lost fanout                                                                          ;
; mkr_vidor:inst|state~15                                                                           ; Lost fanout                                                                          ;
; mkr_vidor:inst|state~16                                                                           ; Lost fanout                                                                          ;
; mkr_vidor:inst|state~17                                                                           ; Lost fanout                                                                          ;
; mkr_vidor:inst|state~18                                                                           ; Lost fanout                                                                          ;
; mkr_vidor:inst|state~19                                                                           ; Lost fanout                                                                          ;
; mkr_vidor:inst|state~20                                                                           ; Lost fanout                                                                          ;
; mkr_vidor:inst|state~21                                                                           ; Lost fanout                                                                          ;
; mkr_vidor:inst|state~22                                                                           ; Lost fanout                                                                          ;
; mkr_vidor:inst|state~23                                                                           ; Lost fanout                                                                          ;
; mkr_vidor:inst|state~24                                                                           ; Lost fanout                                                                          ;
; mkr_vidor:inst|state~25                                                                           ; Lost fanout                                                                          ;
; mkr_vidor:inst|state~26                                                                           ; Lost fanout                                                                          ;
; mkr_vidor:inst|state~27                                                                           ; Lost fanout                                                                          ;
; mkr_vidor:inst|state~28                                                                           ; Lost fanout                                                                          ;
; mkr_vidor:inst|state~29                                                                           ; Lost fanout                                                                          ;
; mkr_vidor:inst|state~30                                                                           ; Lost fanout                                                                          ;
; mkr_vidor:inst|state~31                                                                           ; Lost fanout                                                                          ;
; mkr_vidor:inst|state~32                                                                           ; Lost fanout                                                                          ;
; mkr_vidor:inst|state~33                                                                           ; Lost fanout                                                                          ;
; mkr_vidor:inst|state~34                                                                           ; Lost fanout                                                                          ;
; mkr_vidor:inst|state~35                                                                           ; Lost fanout                                                                          ;
; mkr_vidor:inst|state~36                                                                           ; Lost fanout                                                                          ;
; as4c4m16sa_controller:inst1|sdram_controller:sdram_controller|internal_command~2                  ; Lost fanout                                                                          ;
; as4c4m16sa_controller:inst1|sdram_controller:sdram_controller|internal_command~3                  ; Lost fanout                                                                          ;
; as4c4m16sa_controller:inst1|sdram_controller:sdram_controller|internal_command~4                  ; Lost fanout                                                                          ;
; as4c4m16sa_controller:inst1|sdram_controller:sdram_controller|destination_state~7                 ; Lost fanout                                                                          ;
; as4c4m16sa_controller:inst1|sdram_controller:sdram_controller|destination_state~8                 ; Lost fanout                                                                          ;
; as4c4m16sa_controller:inst1|sdram_controller:sdram_controller|state~6                             ; Lost fanout                                                                          ;
; as4c4m16sa_controller:inst1|sdram_controller:sdram_controller|state~7                             ; Lost fanout                                                                          ;
; as4c4m16sa_controller:inst1|sdram_controller:sdram_controller|state~8                             ; Lost fanout                                                                          ;
; as4c4m16sa_controller:inst1|sdram_controller:sdram_controller|internal_command.CMD_BANK_PRECHARGE ; Lost fanout                                                                          ;
; as4c4m16sa_controller:inst1|sdram_controller:sdram_controller|internal_command.CMD_PRECHARGE_ALL  ; Lost fanout                                                                          ;
; as4c4m16sa_controller:inst1|sdram_controller:sdram_controller|internal_command.CMD_BURST_STOP     ; Stuck at GND due to stuck port data_in                                               ;
; as4c4m16sa_controller:inst1|sdram_controller:sdram_controller|destination_state.STATE_PRECHARGE   ; Stuck at GND due to stuck port data_in                                               ;
; Total Number of Removed Registers = 104                                                           ;                                                                                      ;
+---------------------------------------------------------------------------------------------------+--------------------------------------------------------------------------------------+


+------------------------------------------------------------------------------------------------------------------------------------------------------------------------------------------------------------------+
; Removed Registers Triggering Further Register Optimizations                                                                                                                                                      ;
+----------------------------------------------------------------------------------+---------------------------+---------------------------------------------------------------------------------------------------+
; Register name                                                                    ; Reason for Removal        ; Registers Removed due to This Register                                                            ;
+----------------------------------------------------------------------------------+---------------------------+---------------------------------------------------------------------------------------------------+
; mkr_vidor:inst|data_address[8]                                                   ; Stuck at GND              ; as4c4m16sa_controller:inst1|sdram_controller:sdram_controller|last_row_address[0],                ;
;                                                                                  ; due to stuck port data_in ; as4c4m16sa_controller:inst1|sdram_controller:sdram_controller|last_row_address[1],                ;
;                                                                                  ;                           ; as4c4m16sa_controller:inst1|sdram_controller:sdram_controller|last_row_address[2],                ;
;                                                                                  ;                           ; as4c4m16sa_controller:inst1|sdram_controller:sdram_controller|last_row_address[3],                ;
;                                                                                  ;                           ; as4c4m16sa_controller:inst1|sdram_controller:sdram_controller|last_row_address[4],                ;
;                                                                                  ;                           ; as4c4m16sa_controller:inst1|sdram_controller:sdram_controller|last_row_address[5],                ;
;                                                                                  ;                           ; as4c4m16sa_controller:inst1|sdram_controller:sdram_controller|last_row_address[6],                ;
;                                                                                  ;                           ; as4c4m16sa_controller:inst1|sdram_controller:sdram_controller|last_row_address[7],                ;
;                                                                                  ;                           ; as4c4m16sa_controller:inst1|sdram_controller:sdram_controller|last_row_address[8],                ;
;                                                                                  ;                           ; as4c4m16sa_controller:inst1|sdram_controller:sdram_controller|last_row_address[9],                ;
;                                                                                  ;                           ; as4c4m16sa_controller:inst1|sdram_controller:sdram_controller|last_row_address[10],               ;
;                                                                                  ;                           ; as4c4m16sa_controller:inst1|sdram_controller:sdram_controller|last_row_address[11],               ;
;                                                                                  ;                           ; as4c4m16sa_controller:inst1|sdram_controller:sdram_controller|address[8]                          ;
; mkr_vidor:inst|data_write[8]                                                     ; Stuck at GND              ; as4c4m16sa_controller:inst1|sdram_controller:sdram_controller|internal_dq[8]                      ;
;                                                                                  ; due to stuck port data_in ;                                                                                                   ;
; mkr_vidor:inst|data_write[9]                                                     ; Stuck at GND              ; as4c4m16sa_controller:inst1|sdram_controller:sdram_controller|internal_dq[9]                      ;
;                                                                                  ; due to stuck port data_in ;                                                                                                   ;
; mkr_vidor:inst|data_write[10]                                                    ; Stuck at GND              ; as4c4m16sa_controller:inst1|sdram_controller:sdram_controller|internal_dq[10]                     ;
;                                                                                  ; due to stuck port data_in ;                                                                                                   ;
; mkr_vidor:inst|data_write[11]                                                    ; Stuck at GND              ; as4c4m16sa_controller:inst1|sdram_controller:sdram_controller|internal_dq[11]                     ;
;                                                                                  ; due to stuck port data_in ;                                                                                                   ;
; mkr_vidor:inst|data_write[12]                                                    ; Stuck at GND              ; as4c4m16sa_controller:inst1|sdram_controller:sdram_controller|internal_dq[12]                     ;
;                                                                                  ; due to stuck port data_in ;                                                                                                   ;
; mkr_vidor:inst|data_write[13]                                                    ; Stuck at GND              ; as4c4m16sa_controller:inst1|sdram_controller:sdram_controller|internal_dq[13]                     ;
;                                                                                  ; due to stuck port data_in ;                                                                                                   ;
; mkr_vidor:inst|data_write[14]                                                    ; Stuck at GND              ; as4c4m16sa_controller:inst1|sdram_controller:sdram_controller|internal_dq[14]                     ;
;                                                                                  ; due to stuck port data_in ;                                                                                                   ;
; mkr_vidor:inst|data_write[15]                                                    ; Stuck at GND              ; as4c4m16sa_controller:inst1|sdram_controller:sdram_controller|internal_dq[15]                     ;
;                                                                                  ; due to stuck port data_in ;                                                                                                   ;
; mkr_vidor:inst|data_address[0]                                                   ; Stuck at GND              ; as4c4m16sa_controller:inst1|sdram_controller:sdram_controller|address[0]                          ;
;                                                                                  ; due to stuck port data_in ;                                                                                                   ;
; as4c4m16sa_controller:inst1|sdram_controller:sdram_controller|internal_command~2 ; Lost Fanouts              ; as4c4m16sa_controller:inst1|sdram_controller:sdram_controller|internal_command.CMD_BANK_PRECHARGE ;
; as4c4m16sa_controller:inst1|sdram_controller:sdram_controller|internal_command~3 ; Lost Fanouts              ; as4c4m16sa_controller:inst1|sdram_controller:sdram_controller|internal_command.CMD_PRECHARGE_ALL  ;
+----------------------------------------------------------------------------------+---------------------------+---------------------------------------------------------------------------------------------------+


+------------------------------------------------------+
; General Register Statistics                          ;
+----------------------------------------------+-------+
; Statistic                                    ; Value ;
+----------------------------------------------+-------+
; Total registers                              ; 126   ;
; Number of registers using Synchronous Clear  ; 43    ;
; Number of registers using Synchronous Load   ; 7     ;
; Number of registers using Asynchronous Clear ; 0     ;
; Number of registers using Asynchronous Load  ; 0     ;
; Number of registers using Clock Enable       ; 97    ;
; Number of registers using Preset             ; 0     ;
+----------------------------------------------+-------+


+---------------------------------------------------------------------------------------------------------------------------------------------------------------------------------------------------------------+
; Multiplexer Restructuring Statistics (Restructuring Performed)                                                                                                                                                ;
+--------------------+-----------+---------------+----------------------+------------------------+------------+-------------------------------------------------------------------------------------------------+
; Multiplexer Inputs ; Bus Width ; Baseline Area ; Area if Restructured ; Saving if Restructured ; Registered ; Example Multiplexer Output                                                                      ;
+--------------------+-----------+---------------+----------------------+------------------------+------------+-------------------------------------------------------------------------------------------------+
; 3:1                ; 10 bits   ; 20 LEs        ; 10 LEs               ; 10 LEs                 ; Yes        ; |mkr_vidor_anpr|as4c4m16sa_controller:inst1|sdram_controller:sdram_controller|refresh_timer[2]  ;
; 4:1                ; 3 bits    ; 6 LEs         ; 3 LEs                ; 3 LEs                  ; Yes        ; |mkr_vidor_anpr|as4c4m16sa_controller:inst1|sdram_controller:sdram_controller|step[0]           ;
; 13:1               ; 14 bits   ; 112 LEs       ; 70 LEs               ; 42 LEs                 ; Yes        ; |mkr_vidor_anpr|as4c4m16sa_controller:inst1|sdram_controller:sdram_controller|countdown[0]      ;
; 3:1                ; 2 bits    ; 4 LEs         ; 4 LEs                ; 0 LEs                  ; No         ; |mkr_vidor_anpr|as4c4m16sa_controller:inst1|sdram_controller:sdram_controller|destination_state ;
; 6:1                ; 3 bits    ; 12 LEs        ; 6 LEs                ; 6 LEs                  ; No         ; |mkr_vidor_anpr|mkr_vidor:inst|Selector4                                                        ;
; 11:1               ; 2 bits    ; 14 LEs        ; 4 LEs                ; 10 LEs                 ; No         ; |mkr_vidor_anpr|as4c4m16sa_controller:inst1|sdram_controller:sdram_controller|destination_state ;
; 13:1               ; 4 bits    ; 32 LEs        ; 28 LEs               ; 4 LEs                  ; No         ; |mkr_vidor_anpr|as4c4m16sa_controller:inst1|sdram_controller:sdram_controller|internal_command  ;
; 16:1               ; 2 bits    ; 20 LEs        ; 8 LEs                ; 12 LEs                 ; No         ; |mkr_vidor_anpr|as4c4m16sa_controller:inst1|sdram_controller:sdram_controller|state             ;
+--------------------+-----------+---------------+----------------------+------------------------+------------+-------------------------------------------------------------------------------------------------+


+--------------------------------------------------------------------------+
; Parameter Settings for User Entity Instance: as4c4m16sa_controller:inst1 ;
+-------------------+----------+-------------------------------------------+
; Parameter Name    ; Value    ; Type                                      ;
+-------------------+----------+-------------------------------------------+
; CLK_RATE          ; 48000000 ; Signed Integer                            ;
; SPEED_GRADE       ; 7        ; Signed Integer                            ;
; READ_BURST_LENGTH ; 1        ; Signed Integer                            ;
; WRITE_BURST       ; 1        ; Signed Integer                            ;
; CAS_LATENCY       ; 3        ; Signed Integer                            ;
+-------------------+----------+-------------------------------------------+
Note: In order to hide this table in the UI and the text report file, please set the "Show Parameter Settings in Synthesis Report" option in "Analysis and Synthesis Settings -> More Settings" to "Off".


+------------------------------------------------------------------------------------------------------------+
; Parameter Settings for User Entity Instance: as4c4m16sa_controller:inst1|sdram_controller:sdram_controller ;
+-----------------------------------------------------+----------------------+-------------------------------+
; Parameter Name                                      ; Value                ; Type                          ;
+-----------------------------------------------------+----------------------+-------------------------------+
; CLK_RATE                                            ; 48000000             ; Signed Integer                ;
; READ_BURST_LENGTH                                   ; 1                    ; Signed Integer                ;
; WRITE_BURST                                         ; 1                    ; Signed Integer                ;
; BANK_ADDRESS_WIDTH                                  ; 2                    ; Signed Integer                ;
; ROW_ADDRESS_WIDTH                                   ; 12                   ; Signed Integer                ;
; COLUMN_ADDRESS_WIDTH                                ; 8                    ; Signed Integer                ;
; DATA_WIDTH                                          ; 16                   ; Signed Integer                ;
; DQM_WIDTH                                           ; 2                    ; Signed Integer                ;
; CAS_LATENCY                                         ; 3                    ; Signed Integer                ;
; ROW_CYCLE_TIME                                      ; 6.3E-08              ; Signed Float                  ;
; RAS_TO_CAS_DELAY                                    ; 2.1E-08              ; Signed Float                  ;
; PRECHARGE_TO_REFRESH_OR_ROW_ACTIVATE_SAME_BANK_TIME ; 2.1E-08              ; Signed Float                  ;
; ROW_ACTIVATE_TO_ROW_ACTIVATE_DIFFERENT_BANK_TIME    ; 1.4E-08              ; Signed Float                  ;
; ROW_ACTIVATE_TO_PRECHARGE_SAME_BANK_TIME            ; 4.2E-08              ; Signed Float                  ;
; MINIMUM_STABLE_CONDITION_TIME                       ; 0.0002               ; Signed Float                  ;
; MODE_REGISTER_SET_CYCLE_TIME                        ; 4.16666666666667E-08 ; Signed Float                  ;
; WRITE_RECOVERY_TIME                                 ; 4.16666666666667E-08 ; Signed Float                  ;
; AVERAGE_REFRESH_INTERVAL_TIME                       ; 1.56E-05             ; Signed Float                  ;
; USER_ADDRESS_WIDTH                                  ; 22                   ; Signed Integer                ;
; CHIP_ADDRESS_WIDTH                                  ; 12                   ; Signed Integer                ;
+-----------------------------------------------------+----------------------+-------------------------------+
Note: In order to hide this table in the UI and the text report file, please set the "Show Parameter Settings in Synthesis Report" option in "Analysis and Synthesis Settings -> More Settings" to "Off".


+-----------------------------------------------------+
; Post-Synthesis Netlist Statistics for Top Partition ;
+-----------------------+-----------------------------+
; Type                  ; Count                       ;
+-----------------------+-----------------------------+
; boundary_port         ; 62                          ;
; cycloneiii_ff         ; 126                         ;
;     ENA               ; 63                          ;
;     ENA SCLR          ; 33                          ;
;     ENA SLD           ; 1                           ;
;     SCLR              ; 10                          ;
;     SLD               ; 6                           ;
;     plain             ; 13                          ;
; cycloneiii_io_obuf    ; 39                          ;
; cycloneiii_lcell_comb ; 210                         ;
;     arith             ; 59                          ;
;         2 data inputs ; 58                          ;
;         3 data inputs ; 1                           ;
;     normal            ; 151                         ;
;         0 data inputs ; 1                           ;
;         1 data inputs ; 6                           ;
;         2 data inputs ; 16                          ;
;         3 data inputs ; 42                          ;
;         4 data inputs ; 86                          ;
;                       ;                             ;
; Max LUT depth         ; 6.00                        ;
; Average LUT depth     ; 2.86                        ;
+-----------------------+-----------------------------+


+-------------------------------+
; Elapsed Time Per Partition    ;
+----------------+--------------+
; Partition Name ; Elapsed Time ;
+----------------+--------------+
; Top            ; 00:00:00     ;
+----------------+--------------+


+-------------------------------+
; Analysis & Synthesis Messages ;
+-------------------------------+
Info: *******************************************************************
Info: Running Quartus Prime Analysis & Synthesis
    Info: Version 23.1std.0 Build 991 11/28/2023 SC Lite Edition
    Info: Processing started: Tue Feb 20 19:16:02 2024
Info: Command: quartus_map --read_settings_files=on --write_settings_files=off mkr_vidor_anpr -c mkr_vidor_anpr
Warning (18236): Number of processors has not been specified which may cause overloading on shared machines.  Set the global assignment NUM_PARALLEL_PROCESSORS in your QSF to an appropriate value for best performance.
Info (20032): Parallel compilation is enabled and will use up to 8 processors
Info (12021): Found 1 design units, including 1 entities, in source file /users/tomsm/source/repos/proj300/fpga/ip/sdram_controller.sv
    Info (12023): Found entity 1: sdram_controller File: C:/Users/tomsm/source/repos/PROJ300/fpga/ip/sdram_controller.sv Line: 1
Info (12021): Found 1 design units, including 1 entities, in source file /users/tomsm/source/repos/proj300/fpga/ip/as4c4m16sa_controller.sv
    Info (12023): Found entity 1: as4c4m16sa_controller File: C:/Users/tomsm/source/repos/PROJ300/fpga/ip/as4c4m16sa_controller.sv Line: 1
Info (12021): Found 1 design units, including 1 entities, in source file /users/tomsm/source/repos/proj300/fpga/rtl/mkr_vidor.sv
    Info (12023): Found entity 1: mkr_vidor File: C:/Users/tomsm/source/repos/PROJ300/fpga/rtl/mkr_vidor.sv Line: 1
Info (12021): Found 1 design units, including 1 entities, in source file mkr_vidor_anpr.bdf
    Info (12023): Found entity 1: mkr_vidor_anpr
Info (12127): Elaborating entity "mkr_vidor_anpr" for the top level hierarchy
Warning (275043): Pin "SDRAM_CLK" is missing source
Info (12128): Elaborating entity "as4c4m16sa_controller" for hierarchy "as4c4m16sa_controller:inst1"
Info (12128): Elaborating entity "sdram_controller" for hierarchy "as4c4m16sa_controller:inst1|sdram_controller:sdram_controller" File: C:/Users/tomsm/source/repos/PROJ300/fpga/ip/as4c4m16sa_controller.sv Line: 70
Warning (10034): Output port "dqm" at sdram_controller.sv(49) has no driver File: C:/Users/tomsm/source/repos/PROJ300/fpga/ip/sdram_controller.sv Line: 49
Info (12128): Elaborating entity "mkr_vidor" for hierarchy "mkr_vidor:inst"
Warning (10230): Verilog HDL assignment warning at mkr_vidor.sv(42): truncated value with size 32 to match size of target (8) File: C:/Users/tomsm/source/repos/PROJ300/fpga/rtl/mkr_vidor.sv Line: 42
Warning (10034): Output port "sam_int_out" at mkr_vidor.sv(4) has no driver File: C:/Users/tomsm/source/repos/PROJ300/fpga/rtl/mkr_vidor.sv Line: 4
Warning (13034): The following nodes have both tri-state and non-tri-state drivers
    Warning (13035): Inserted always-enabled tri-state buffer between "MKR_GPIO[7]" and its non-tri-state driver.
    Warning (13035): Inserted always-enabled tri-state buffer between "MKR_GPIO[6]" and its non-tri-state driver.
    Warning (13035): Inserted always-enabled tri-state buffer between "MKR_GPIO[5]" and its non-tri-state driver.
    Warning (13035): Inserted always-enabled tri-state buffer between "MKR_GPIO[4]" and its non-tri-state driver.
    Warning (13035): Inserted always-enabled tri-state buffer between "MKR_GPIO[3]" and its non-tri-state driver.
    Warning (13035): Inserted always-enabled tri-state buffer between "MKR_GPIO[2]" and its non-tri-state driver.
    Warning (13035): Inserted always-enabled tri-state buffer between "MKR_GPIO[1]" and its non-tri-state driver.
    Warning (13035): Inserted always-enabled tri-state buffer between "MKR_GPIO[0]" and its non-tri-state driver.
Warning (13039): The following bidirectional pins have no drivers
    Warning (13040): bidirectional pin "MKR_AREF" has no driver
    Warning (13040): bidirectional pin "MKR_ANALOG" has no driver
    Warning (13040): bidirectional pin "MKR_ANALOG" has no driver
    Warning (13040): bidirectional pin "MKR_ANALOG" has no driver
    Warning (13040): bidirectional pin "MKR_ANALOG" has no driver
    Warning (13040): bidirectional pin "MKR_ANALOG" has no driver
    Warning (13040): bidirectional pin "MKR_ANALOG" has no driver
    Warning (13040): bidirectional pin "MKR_ANALOG" has no driver
    Warning (13040): bidirectional pin "MKR_GPIO" has no driver
    Warning (13040): bidirectional pin "MKR_GPIO" has no driver
    Warning (13040): bidirectional pin "MKR_GPIO" has no driver
    Warning (13040): bidirectional pin "MKR_GPIO" has no driver
    Warning (13040): bidirectional pin "MKR_GPIO" has no driver
    Warning (13040): bidirectional pin "MKR_GPIO" has no driver
    Warning (13040): bidirectional pin "MKR_GPIO" has no driver
Warning (13009): TRI or OPNDRN buffers permanently enabled
    Warning (13010): Node "MKR_GPIO~synth"
    Warning (13010): Node "MKR_GPIO~synth"
    Warning (13010): Node "MKR_GPIO~synth"
    Warning (13010): Node "MKR_GPIO~synth"
    Warning (13010): Node "MKR_GPIO~synth"
    Warning (13010): Node "MKR_GPIO~synth"
    Warning (13010): Node "MKR_GPIO~synth"
    Warning (13010): Node "MKR_GPIO~synth"
Warning (13024): Output pins are stuck at VCC or GND
    Warning (13410): Pin "SDRAM_CLK" is stuck at GND
    Warning (13410): Pin "SDRAM_ADDR[11]" is stuck at GND
    Warning (13410): Pin "SDRAM_ADDR[9]" is stuck at GND
    Warning (13410): Pin "SDRAM_ADDR[8]" is stuck at GND
    Warning (13410): Pin "SDRAM_ADDR[7]" is stuck at GND
    Warning (13410): Pin "SDRAM_ADDR[6]" is stuck at GND
    Warning (13410): Pin "SDRAM_ADDR[3]" is stuck at GND
    Warning (13410): Pin "SDRAM_ADDR[2]" is stuck at GND
    Warning (13410): Pin "SDRAM_ADDR[1]" is stuck at GND
    Warning (13410): Pin "SDRAM_ADDR[0]" is stuck at GND
    Warning (13410): Pin "SDRAM_BA[1]" is stuck at GND
    Warning (13410): Pin "SDRAM_BA[0]" is stuck at GND
    Warning (13410): Pin "SDRAM_DQM[1]" is stuck at GND
    Warning (13410): Pin "SDRAM_DQM[0]" is stuck at GND
Info (286030): Timing-Driven Synthesis is running
Info (17049): 40 registers lost all their fanouts during netlist optimizations.
Info (144001): Generated suppressed messages file C:/Users/tomsm/source/repos/PROJ300/fpga/project/output_files/mkr_vidor_anpr.map.smsg
Info (16010): Generating hard_block partition "hard_block:auto_generated_inst"
    Info (16011): Adding 0 node(s), including 0 DDIO, 0 PLL, 0 transceiver and 0 LCELL
Info (21057): Implemented 296 device resources after synthesis - the final resource count might be different
    Info (21058): Implemented 1 input pins
    Info (21059): Implemented 22 output pins
    Info (21060): Implemented 39 bidirectional pins
    Info (21061): Implemented 234 logic cells
Info: Quartus Prime Analysis & Synthesis was successful. 0 errors, 54 warnings
    Info: Peak virtual memory: 4802 megabytes
    Info: Processing ended: Tue Feb 20 19:16:08 2024
    Info: Elapsed time: 00:00:06
    Info: Total CPU time (on all processors): 00:00:07


+------------------------------------------+
; Analysis & Synthesis Suppressed Messages ;
+------------------------------------------+
The suppressed messages can be found in C:/Users/tomsm/source/repos/PROJ300/fpga/project/output_files/mkr_vidor_anpr.map.smsg.


